<?xml version="1.0" encoding="UTF-8" ?>
<testsuite failures="0" time="0.256" errors="0" skipped="0" tests="1" name="TestSuite">
  <properties>
    <property name="java.runtime.name" value="Java(TM) SE Runtime Environment"/>
    <property name="sun.boot.library.path" value="C:\Program Files\Java\jdk1.6.0_30\jre\bin"/>
    <property name="java.vm.version" value="20.5-b03"/>
    <property name="java.vm.vendor" value="Sun Microsystems Inc."/>
    <property name="java.vendor.url" value="http://java.sun.com/"/>
    <property name="path.separator" value=";"/>
    <property name="java.vm.name" value="Java HotSpot(TM) 64-Bit Server VM"/>
    <property name="file.encoding.pkg" value="sun.io"/>
    <property name="user.country" value="US"/>
    <property name="sun.java.launcher" value="SUN_STANDARD"/>
    <property name="sun.os.patch.level" value="Service Pack 1"/>
    <property name="java.vm.specification.name" value="Java Virtual Machine Specification"/>
    <property name="user.dir" value="C:\Users\alexander.lenkevich\IdeaProjects\tetris2"/>
    <property name="java.runtime.version" value="1.6.0_30-b12"/>
    <property name="java.awt.graphicsenv" value="sun.awt.Win32GraphicsEnvironment"/>
    <property name="basedir" value="C:\Users\alexander.lenkevich\IdeaProjects\tetris2"/>
    <property name="java.endorsed.dirs" value="C:\Program Files\Java\jdk1.6.0_30\jre\lib\endorsed"/>
    <property name="os.arch" value="amd64"/>
    <property name="surefire.real.class.path" value="C:\Users\alexander.lenkevich\IdeaProjects\tetris2\target\surefire\surefirebooter6606155288554701385.jar"/>
    <property name="java.io.tmpdir" value="C:\Users\ALEXAN~1.LEN\AppData\Local\Temp\"/>
    <property name="line.separator" value="
"/>
    <property name="java.vm.specification.vendor" value="Sun Microsystems Inc."/>
    <property name="user.variant" value=""/>
    <property name="os.name" value="Windows 7"/>
    <property name="sun.jnu.encoding" value="Cp1252"/>
    <property name="java.library.path" value="C:\Program Files\Java\jdk1.6.0_30\jre\bin;C:\Windows\Sun\Java\bin;C:\Windows\system32;C:\Windows;C:\Program Files (x86)\JetBrains\IntelliJ IDEA Community Edition 11.0.1\bin\..\.\bin;C:\Windows\system32;C:\Windows;C:\Windows\System32\Wbem;C:\Windows\System32\WindowsPowerShell\v1.0\;C:\Program Files (x86)\ManageSoft\Common;C:\Program Files\Intel\DMIX;c:\program files (x86)\jetbrains\intellij idea community edition 11.0.1\jre\jre\bin;."/>
    <property name="surefire.test.class.path" value="C:\Users\alexander.lenkevich\IdeaProjects\tetris2\target\test-classes;C:\Users\alexander.lenkevich\IdeaProjects\tetris2\target\classes;C:\Users\alexander.lenkevich\.m2\repository\com\google\guava\guava\11.0\guava-11.0.jar;C:\Users\alexander.lenkevich\.m2\repository\com\google\code\findbugs\jsr305\1.3.9\jsr305-1.3.9.jar;C:\Users\alexander.lenkevich\.m2\repository\org\testng\testng\6.2.1\testng-6.2.1.jar;C:\Users\alexander.lenkevich\.m2\repository\junit\junit\3.8.1\junit-3.8.1.jar;C:\Users\alexander.lenkevich\.m2\repository\org\beanshell\bsh\2.0b4\bsh-2.0b4.jar;C:\Users\alexander.lenkevich\.m2\repository\com\beust\jcommander\1.12\jcommander-1.12.jar;C:\Users\alexander.lenkevich\.m2\repository\org\yaml\snakeyaml\1.6\snakeyaml-1.6.jar;C:\Users\alexander.lenkevich\.m2\repository\com\google\code\guice\guice\1.0\guice-1.0.jar;"/>
    <property name="java.specification.name" value="Java Platform API Specification"/>
    <property name="java.class.version" value="50.0"/>
    <property name="sun.management.compiler" value="HotSpot 64-Bit Tiered Compilers"/>
    <property name="os.version" value="6.1"/>
    <property name="user.home" value="C:\Users\alexander.lenkevich"/>
    <property name="user.timezone" value="Europe/Helsinki"/>
    <property name="java.awt.printerjob" value="sun.awt.windows.WPrinterJob"/>
    <property name="java.specification.version" value="1.6"/>
    <property name="file.encoding" value="Cp1252"/>
    <property name="user.name" value="alexander.lenkevich"/>
    <property name="java.class.path" value="C:\Users\alexander.lenkevich\IdeaProjects\tetris2\target\test-classes;C:\Users\alexander.lenkevich\IdeaProjects\tetris2\target\classes;C:\Users\alexander.lenkevich\.m2\repository\com\google\guava\guava\11.0\guava-11.0.jar;C:\Users\alexander.lenkevich\.m2\repository\com\google\code\findbugs\jsr305\1.3.9\jsr305-1.3.9.jar;C:\Users\alexander.lenkevich\.m2\repository\org\testng\testng\6.2.1\testng-6.2.1.jar;C:\Users\alexander.lenkevich\.m2\repository\junit\junit\3.8.1\junit-3.8.1.jar;C:\Users\alexander.lenkevich\.m2\repository\org\beanshell\bsh\2.0b4\bsh-2.0b4.jar;C:\Users\alexander.lenkevich\.m2\repository\com\beust\jcommander\1.12\jcommander-1.12.jar;C:\Users\alexander.lenkevich\.m2\repository\org\yaml\snakeyaml\1.6\snakeyaml-1.6.jar;C:\Users\alexander.lenkevich\.m2\repository\com\google\code\guice\guice\1.0\guice-1.0.jar;"/>
    <property name="java.vm.specification.version" value="1.0"/>
    <property name="sun.arch.data.model" value="64"/>
    <property name="java.home" value="C:\Program Files\Java\jdk1.6.0_30\jre"/>
    <property name="sun.java.command" value="C:\Users\alexander.lenkevich\IdeaProjects\tetris2\target\surefire\surefirebooter6606155288554701385.jar C:\Users\alexander.lenkevich\IdeaProjects\tetris2\target\surefire\surefire5590986321838859155tmp C:\Users\alexander.lenkevich\IdeaProjects\tetris2\target\surefire\surefire4176646520527035689tmp"/>
    <property name="java.specification.vendor" value="Sun Microsystems Inc."/>
    <property name="user.language" value="en"/>
    <property name="awt.toolkit" value="sun.awt.windows.WToolkit"/>
    <property name="java.vm.info" value="mixed mode"/>
    <property name="java.version" value="1.6.0_30"/>
    <property name="java.ext.dirs" value="C:\Program Files\Java\jdk1.6.0_30\jre\lib\ext;C:\Windows\Sun\Java\lib\ext"/>
    <property name="sun.boot.class.path" value="C:\Program Files\Java\jdk1.6.0_30\jre\lib\resources.jar;C:\Program Files\Java\jdk1.6.0_30\jre\lib\rt.jar;C:\Program Files\Java\jdk1.6.0_30\jre\lib\sunrsasign.jar;C:\Program Files\Java\jdk1.6.0_30\jre\lib\jsse.jar;C:\Program Files\Java\jdk1.6.0_30\jre\lib\jce.jar;C:\Program Files\Java\jdk1.6.0_30\jre\lib\charsets.jar;C:\Program Files\Java\jdk1.6.0_30\jre\lib\modules\jdk.boot.jar;C:\Program Files\Java\jdk1.6.0_30\jre\classes"/>
    <property name="java.vendor" value="Sun Microsystems Inc."/>
    <property name="localRepository" value="C:\Users\alexander.lenkevich\.m2\repository"/>
    <property name="file.separator" value="\"/>
    <property name="java.vendor.url.bug" value="http://java.sun.com/cgi-bin/bugreport.cgi"/>
    <property name="sun.cpu.endian" value="little"/>
    <property name="sun.io.unicode.encoding" value="UnicodeLittle"/>
    <property name="sun.desktop" value="windows"/>
    <property name="sun.cpu.isalist" value="amd64"/>
  </properties>
  <testcase time="0.004" classname="domain.GameTest" name="testGameScenario"/>
</testsuite>