<?xml version="1.0" encoding="UTF-8"?>
<!-- Generated by org.testng.reporters.JUnitReportReporter -->
<testsuite hostname="HRK1-DHP-F30445" name="domain.GameTest" tests="1" failures="0" timestamp="12 Jan 2012 17:47:45 GMT" time="0.005" errors="0">
  <testcase name="testGameScenario" time="0.005" classname="domain.GameTest"/>
</testsuite>
